[0.083s] DEBUG:colcon:Command line arguments: ['/usr/bin/colcon', 'build']
[0.083s] DEBUG:colcon:Parsed command line arguments: Namespace(log_base=None, log_level=None, verb_name='build', build_base='build', install_base='install', merge_install=False, symlink_install=False, test_result_base=None, continue_on_error=False, executor='parallel', parallel_workers=8, event_handlers=None, ignore_user_meta=False, metas=['./colcon.meta'], base_paths=['.'], packages_ignore=None, packages_ignore_regex=None, paths=None, packages_up_to=None, packages_up_to_regex=None, packages_above=None, packages_above_and_dependencies=None, packages_above_depth=None, packages_select_by_dep=None, packages_skip_by_dep=None, packages_skip_up_to=None, packages_select_build_failed=False, packages_skip_build_finished=False, packages_select_test_failures=False, packages_skip_test_passed=False, packages_select=None, packages_skip=None, packages_select_regex=None, packages_skip_regex=None, packages_start=None, packages_end=None, allow_overriding=[], cmake_args=None, cmake_target=None, cmake_target_skip_unavailable=False, cmake_clean_cache=False, cmake_clean_first=False, cmake_force_configure=False, ament_cmake_args=None, catkin_cmake_args=None, catkin_skip_building_tests=False, mixin_files=None, mixin=None, verb_parser=<colcon_mixin.mixin.mixin_argument.MixinArgumentDecorator object at 0x785b695de8d0>, verb_extension=<colcon_core.verb.build.BuildVerb object at 0x785b6958c170>, main=<bound method BuildVerb.main of <colcon_core.verb.build.BuildVerb object at 0x785b6958c170>>, mixin_verb=('build',))
[0.107s] Level 1:colcon.colcon_core.package_discovery:discover_packages(colcon_meta) check parameters
[0.108s] Level 1:colcon.colcon_core.package_discovery:discover_packages(recursive) check parameters
[0.108s] Level 1:colcon.colcon_core.package_discovery:discover_packages(ignore) check parameters
[0.108s] Level 1:colcon.colcon_core.package_discovery:discover_packages(path) check parameters
[0.108s] Level 1:colcon.colcon_core.package_discovery:discover_packages(colcon_meta) discover
[0.108s] Level 1:colcon.colcon_core.package_discovery:discover_packages(recursive) discover
[0.108s] INFO:colcon.colcon_core.package_discovery:Crawling recursively for packages in '/home/nithish/ROS/ur5_robotiq150'
[0.108s] Level 1:colcon.colcon_core.package_identification:_identify(.) by extensions ['ignore', 'ignore_ament_install']
[0.108s] Level 1:colcon.colcon_core.package_identification:_identify(.) by extension 'ignore'
[0.108s] Level 1:colcon.colcon_core.package_identification:_identify(.) by extension 'ignore_ament_install'
[0.108s] Level 1:colcon.colcon_core.package_identification:_identify(.) by extensions ['colcon_pkg']
[0.108s] Level 1:colcon.colcon_core.package_identification:_identify(.) by extension 'colcon_pkg'
[0.108s] Level 1:colcon.colcon_core.package_identification:_identify(.) by extensions ['colcon_meta']
[0.108s] Level 1:colcon.colcon_core.package_identification:_identify(.) by extension 'colcon_meta'
[0.108s] Level 1:colcon.colcon_core.package_identification:_identify(.) by extensions ['ros']
[0.108s] Level 1:colcon.colcon_core.package_identification:_identify(.) by extension 'ros'
[0.126s] Level 1:colcon.colcon_core.package_identification:_identify(.) by extensions ['cmake', 'python']
[0.126s] Level 1:colcon.colcon_core.package_identification:_identify(.) by extension 'cmake'
[0.126s] Level 1:colcon.colcon_core.package_identification:_identify(.) by extension 'python'
[0.126s] Level 1:colcon.colcon_core.package_identification:_identify(.) by extensions ['python_setup_py']
[0.126s] Level 1:colcon.colcon_core.package_identification:_identify(.) by extension 'python_setup_py'
[0.126s] Level 1:colcon.colcon_core.package_identification:_identify(build) by extensions ['ignore', 'ignore_ament_install']
[0.126s] Level 1:colcon.colcon_core.package_identification:_identify(build) by extension 'ignore'
[0.126s] Level 1:colcon.colcon_core.package_identification:_identify(build) ignored
[0.126s] Level 1:colcon.colcon_core.package_identification:_identify(install) by extensions ['ignore', 'ignore_ament_install']
[0.127s] Level 1:colcon.colcon_core.package_identification:_identify(install) by extension 'ignore'
[0.127s] Level 1:colcon.colcon_core.package_identification:_identify(install) ignored
[0.127s] Level 1:colcon.colcon_core.package_identification:_identify(log) by extensions ['ignore', 'ignore_ament_install']
[0.127s] Level 1:colcon.colcon_core.package_identification:_identify(log) by extension 'ignore'
[0.127s] Level 1:colcon.colcon_core.package_identification:_identify(log) ignored
[0.127s] Level 1:colcon.colcon_core.package_identification:_identify(src) by extensions ['ignore', 'ignore_ament_install']
[0.127s] Level 1:colcon.colcon_core.package_identification:_identify(src) by extension 'ignore'
[0.127s] Level 1:colcon.colcon_core.package_identification:_identify(src) by extension 'ignore_ament_install'
[0.127s] Level 1:colcon.colcon_core.package_identification:_identify(src) by extensions ['colcon_pkg']
[0.127s] Level 1:colcon.colcon_core.package_identification:_identify(src) by extension 'colcon_pkg'
[0.127s] Level 1:colcon.colcon_core.package_identification:_identify(src) by extensions ['colcon_meta']
[0.127s] Level 1:colcon.colcon_core.package_identification:_identify(src) by extension 'colcon_meta'
[0.127s] Level 1:colcon.colcon_core.package_identification:_identify(src) by extensions ['ros']
[0.127s] Level 1:colcon.colcon_core.package_identification:_identify(src) by extension 'ros'
[0.127s] Level 1:colcon.colcon_core.package_identification:_identify(src) by extensions ['cmake', 'python']
[0.127s] Level 1:colcon.colcon_core.package_identification:_identify(src) by extension 'cmake'
[0.127s] Level 1:colcon.colcon_core.package_identification:_identify(src) by extension 'python'
[0.127s] Level 1:colcon.colcon_core.package_identification:_identify(src) by extensions ['python_setup_py']
[0.127s] Level 1:colcon.colcon_core.package_identification:_identify(src) by extension 'python_setup_py'
[0.127s] Level 1:colcon.colcon_core.package_identification:_identify(src/robot_descriptipn) by extensions ['ignore', 'ignore_ament_install']
[0.127s] Level 1:colcon.colcon_core.package_identification:_identify(src/robot_descriptipn) by extension 'ignore'
[0.127s] Level 1:colcon.colcon_core.package_identification:_identify(src/robot_descriptipn) by extension 'ignore_ament_install'
[0.127s] Level 1:colcon.colcon_core.package_identification:_identify(src/robot_descriptipn) by extensions ['colcon_pkg']
[0.127s] Level 1:colcon.colcon_core.package_identification:_identify(src/robot_descriptipn) by extension 'colcon_pkg'
[0.127s] Level 1:colcon.colcon_core.package_identification:_identify(src/robot_descriptipn) by extensions ['colcon_meta']
[0.127s] Level 1:colcon.colcon_core.package_identification:_identify(src/robot_descriptipn) by extension 'colcon_meta'
[0.127s] Level 1:colcon.colcon_core.package_identification:_identify(src/robot_descriptipn) by extensions ['ros']
[0.127s] Level 1:colcon.colcon_core.package_identification:_identify(src/robot_descriptipn) by extension 'ros'
[0.129s] DEBUG:colcon.colcon_core.package_identification:Package 'src/robot_descriptipn' with type 'ros.ament_cmake' and name 'robot_descriptipn'
[0.129s] Level 1:colcon.colcon_core.package_discovery:discover_packages(recursive) using defaults
[0.129s] Level 1:colcon.colcon_core.package_discovery:discover_packages(ignore) discover
[0.129s] Level 1:colcon.colcon_core.package_discovery:discover_packages(ignore) using defaults
[0.129s] Level 1:colcon.colcon_core.package_discovery:discover_packages(path) discover
[0.129s] Level 1:colcon.colcon_core.package_discovery:discover_packages(path) using defaults
[0.141s] Level 1:colcon.colcon_core.package_discovery:discover_packages(prefix_path) check parameters
[0.141s] Level 1:colcon.colcon_core.package_discovery:discover_packages(prefix_path) discover
[0.142s] DEBUG:colcon.colcon_installed_package_information.package_discovery:Found 1 installed packages in /home/nithish/ROS/ros2_pluggin/install
[0.143s] DEBUG:colcon.colcon_installed_package_information.package_discovery:Found 440 installed packages in /opt/ros/jazzy
[0.144s] Level 1:colcon.colcon_core.package_discovery:discover_packages(prefix_path) using defaults
[0.179s] Level 5:colcon.colcon_core.verb:set package 'robot_descriptipn' build argument 'cmake_args' from command line to 'None'
[0.180s] Level 5:colcon.colcon_core.verb:set package 'robot_descriptipn' build argument 'cmake_target' from command line to 'None'
[0.180s] Level 5:colcon.colcon_core.verb:set package 'robot_descriptipn' build argument 'cmake_target_skip_unavailable' from command line to 'False'
[0.180s] Level 5:colcon.colcon_core.verb:set package 'robot_descriptipn' build argument 'cmake_clean_cache' from command line to 'False'
[0.180s] Level 5:colcon.colcon_core.verb:set package 'robot_descriptipn' build argument 'cmake_clean_first' from command line to 'False'
[0.180s] Level 5:colcon.colcon_core.verb:set package 'robot_descriptipn' build argument 'cmake_force_configure' from command line to 'False'
[0.180s] Level 5:colcon.colcon_core.verb:set package 'robot_descriptipn' build argument 'ament_cmake_args' from command line to 'None'
[0.180s] Level 5:colcon.colcon_core.verb:set package 'robot_descriptipn' build argument 'catkin_cmake_args' from command line to 'None'
[0.180s] Level 5:colcon.colcon_core.verb:set package 'robot_descriptipn' build argument 'catkin_skip_building_tests' from command line to 'False'
[0.180s] DEBUG:colcon.colcon_core.verb:Building package 'robot_descriptipn' with the following arguments: {'ament_cmake_args': None, 'build_base': '/home/nithish/ROS/ur5_robotiq150/build/robot_descriptipn', 'catkin_cmake_args': None, 'catkin_skip_building_tests': False, 'cmake_args': None, 'cmake_clean_cache': False, 'cmake_clean_first': False, 'cmake_force_configure': False, 'cmake_target': None, 'cmake_target_skip_unavailable': False, 'install_base': '/home/nithish/ROS/ur5_robotiq150/install/robot_descriptipn', 'merge_install': False, 'path': '/home/nithish/ROS/ur5_robotiq150/src/robot_descriptipn', 'symlink_install': False, 'test_result_base': None}
[0.180s] INFO:colcon.colcon_core.executor:Executing jobs using 'parallel' executor
[0.180s] DEBUG:colcon.colcon_parallel_executor.executor.parallel:run_until_complete
[0.181s] INFO:colcon.colcon_ros.task.ament_cmake.build:Building ROS package in '/home/nithish/ROS/ur5_robotiq150/src/robot_descriptipn' with build type 'ament_cmake'
[0.181s] INFO:colcon.colcon_cmake.task.cmake.build:Building CMake package in '/home/nithish/ROS/ur5_robotiq150/src/robot_descriptipn'
[0.182s] INFO:colcon.colcon_core.plugin_system:Skipping extension 'colcon_core.shell.bat': Not used on non-Windows systems
[0.182s] INFO:colcon.colcon_core.shell:Skip shell extension 'powershell' for command environment: Not usable outside of PowerShell
[0.182s] DEBUG:colcon.colcon_core.shell:Skip shell extension 'dsv' for command environment
[0.190s] DEBUG:colcon.colcon_core.event_handler.log_command:Invoking command in '/home/nithish/ROS/ur5_robotiq150/build/robot_descriptipn': CMAKE_PREFIX_PATH=${CMAKE_PREFIX_PATH}:/opt/ros/jazzy DEBUGINFOD_URLS=https://debuginfod.ubuntu.com /usr/bin/cmake --build /home/nithish/ROS/ur5_robotiq150/build/robot_descriptipn -- -j8 -l8
[0.469s] DEBUG:colcon.colcon_core.event_handler.log_command:Invoked command in '/home/nithish/ROS/ur5_robotiq150/build/robot_descriptipn' returned '0': CMAKE_PREFIX_PATH=${CMAKE_PREFIX_PATH}:/opt/ros/jazzy DEBUGINFOD_URLS=https://debuginfod.ubuntu.com /usr/bin/cmake --build /home/nithish/ROS/ur5_robotiq150/build/robot_descriptipn -- -j8 -l8
[0.476s] DEBUG:colcon.colcon_core.event_handler.log_command:Invoking command in '/home/nithish/ROS/ur5_robotiq150/build/robot_descriptipn': CMAKE_PREFIX_PATH=${CMAKE_PREFIX_PATH}:/opt/ros/jazzy DEBUGINFOD_URLS=https://debuginfod.ubuntu.com /usr/bin/cmake --install /home/nithish/ROS/ur5_robotiq150/build/robot_descriptipn
[0.485s] Level 1:colcon.colcon_core.environment:create_environment_scripts_only(robot_descriptipn)
[0.485s] DEBUG:colcon.colcon_core.event_handler.log_command:Invoked command in '/home/nithish/ROS/ur5_robotiq150/build/robot_descriptipn' returned '0': CMAKE_PREFIX_PATH=${CMAKE_PREFIX_PATH}:/opt/ros/jazzy DEBUGINFOD_URLS=https://debuginfod.ubuntu.com /usr/bin/cmake --install /home/nithish/ROS/ur5_robotiq150/build/robot_descriptipn
[0.487s] Level 1:colcon.colcon_core.environment:checking '/home/nithish/ROS/ur5_robotiq150/install/robot_descriptipn' for CMake module files
[0.487s] Level 1:colcon.colcon_core.environment:checking '/home/nithish/ROS/ur5_robotiq150/install/robot_descriptipn' for CMake config files
[0.487s] Level 1:colcon.colcon_core.shell:create_environment_hook('robot_descriptipn', 'cmake_prefix_path')
[0.487s] INFO:colcon.colcon_core.shell:Creating environment hook '/home/nithish/ROS/ur5_robotiq150/install/robot_descriptipn/share/robot_descriptipn/hook/cmake_prefix_path.ps1'
[0.488s] INFO:colcon.colcon_core.shell:Creating environment descriptor '/home/nithish/ROS/ur5_robotiq150/install/robot_descriptipn/share/robot_descriptipn/hook/cmake_prefix_path.dsv'
[0.488s] INFO:colcon.colcon_core.shell:Creating environment hook '/home/nithish/ROS/ur5_robotiq150/install/robot_descriptipn/share/robot_descriptipn/hook/cmake_prefix_path.sh'
[0.489s] Level 1:colcon.colcon_core.environment:checking '/home/nithish/ROS/ur5_robotiq150/install/robot_descriptipn/bin'
[0.489s] Level 1:colcon.colcon_core.environment:checking '/home/nithish/ROS/ur5_robotiq150/install/robot_descriptipn/lib/pkgconfig/robot_descriptipn.pc'
[0.489s] Level 1:colcon.colcon_core.environment:checking '/home/nithish/ROS/ur5_robotiq150/install/robot_descriptipn/lib/python3.12/site-packages'
[0.489s] Level 1:colcon.colcon_core.environment:checking '/home/nithish/ROS/ur5_robotiq150/install/robot_descriptipn/bin'
[0.489s] INFO:colcon.colcon_core.shell:Creating package script '/home/nithish/ROS/ur5_robotiq150/install/robot_descriptipn/share/robot_descriptipn/package.ps1'
[0.490s] INFO:colcon.colcon_core.shell:Creating package descriptor '/home/nithish/ROS/ur5_robotiq150/install/robot_descriptipn/share/robot_descriptipn/package.dsv'
[0.490s] INFO:colcon.colcon_core.shell:Creating package script '/home/nithish/ROS/ur5_robotiq150/install/robot_descriptipn/share/robot_descriptipn/package.sh'
[0.490s] INFO:colcon.colcon_core.shell:Creating package script '/home/nithish/ROS/ur5_robotiq150/install/robot_descriptipn/share/robot_descriptipn/package.bash'
[0.491s] INFO:colcon.colcon_core.shell:Creating package script '/home/nithish/ROS/ur5_robotiq150/install/robot_descriptipn/share/robot_descriptipn/package.zsh'
[0.491s] Level 1:colcon.colcon_core.environment:create_file_with_runtime_dependencies(/home/nithish/ROS/ur5_robotiq150/install/robot_descriptipn/share/colcon-core/packages/robot_descriptipn)
[0.491s] Level 1:colcon.colcon_core.environment:create_environment_scripts_only(robot_descriptipn)
[0.491s] Level 1:colcon.colcon_core.environment:checking '/home/nithish/ROS/ur5_robotiq150/install/robot_descriptipn' for CMake module files
[0.492s] Level 1:colcon.colcon_core.environment:checking '/home/nithish/ROS/ur5_robotiq150/install/robot_descriptipn' for CMake config files
[0.492s] Level 1:colcon.colcon_core.shell:create_environment_hook('robot_descriptipn', 'cmake_prefix_path')
[0.492s] INFO:colcon.colcon_core.shell:Creating environment hook '/home/nithish/ROS/ur5_robotiq150/install/robot_descriptipn/share/robot_descriptipn/hook/cmake_prefix_path.ps1'
[0.492s] INFO:colcon.colcon_core.shell:Creating environment descriptor '/home/nithish/ROS/ur5_robotiq150/install/robot_descriptipn/share/robot_descriptipn/hook/cmake_prefix_path.dsv'
[0.492s] INFO:colcon.colcon_core.shell:Creating environment hook '/home/nithish/ROS/ur5_robotiq150/install/robot_descriptipn/share/robot_descriptipn/hook/cmake_prefix_path.sh'
[0.493s] Level 1:colcon.colcon_core.environment:checking '/home/nithish/ROS/ur5_robotiq150/install/robot_descriptipn/bin'
[0.493s] Level 1:colcon.colcon_core.environment:checking '/home/nithish/ROS/ur5_robotiq150/install/robot_descriptipn/lib/pkgconfig/robot_descriptipn.pc'
[0.493s] Level 1:colcon.colcon_core.environment:checking '/home/nithish/ROS/ur5_robotiq150/install/robot_descriptipn/lib/python3.12/site-packages'
[0.493s] Level 1:colcon.colcon_core.environment:checking '/home/nithish/ROS/ur5_robotiq150/install/robot_descriptipn/bin'
[0.493s] INFO:colcon.colcon_core.shell:Creating package script '/home/nithish/ROS/ur5_robotiq150/install/robot_descriptipn/share/robot_descriptipn/package.ps1'
[0.493s] INFO:colcon.colcon_core.shell:Creating package descriptor '/home/nithish/ROS/ur5_robotiq150/install/robot_descriptipn/share/robot_descriptipn/package.dsv'
[0.494s] INFO:colcon.colcon_core.shell:Creating package script '/home/nithish/ROS/ur5_robotiq150/install/robot_descriptipn/share/robot_descriptipn/package.sh'
[0.494s] INFO:colcon.colcon_core.shell:Creating package script '/home/nithish/ROS/ur5_robotiq150/install/robot_descriptipn/share/robot_descriptipn/package.bash'
[0.494s] INFO:colcon.colcon_core.shell:Creating package script '/home/nithish/ROS/ur5_robotiq150/install/robot_descriptipn/share/robot_descriptipn/package.zsh'
[0.494s] Level 1:colcon.colcon_core.environment:create_file_with_runtime_dependencies(/home/nithish/ROS/ur5_robotiq150/install/robot_descriptipn/share/colcon-core/packages/robot_descriptipn)
[0.494s] DEBUG:colcon.colcon_parallel_executor.executor.parallel:closing loop
[0.495s] DEBUG:colcon.colcon_parallel_executor.executor.parallel:loop closed
[0.495s] DEBUG:colcon.colcon_parallel_executor.executor.parallel:run_until_complete finished with '0'
[0.495s] DEBUG:colcon.colcon_core.event_reactor:joining thread
[0.498s] INFO:colcon.colcon_core.plugin_system:Skipping extension 'colcon_notification.desktop_notification.terminal_notifier': Not used on non-Darwin systems
[0.498s] INFO:colcon.colcon_core.plugin_system:Skipping extension 'colcon_notification.desktop_notification.win32': Not used on non-Windows systems
[0.499s] INFO:colcon.colcon_notification.desktop_notification:Sending desktop notification using 'notify2'
[0.511s] DEBUG:colcon.colcon_core.event_reactor:joined thread
[0.511s] INFO:colcon.colcon_core.shell:Creating prefix script '/home/nithish/ROS/ur5_robotiq150/install/local_setup.ps1'
[0.512s] INFO:colcon.colcon_core.shell:Creating prefix util module '/home/nithish/ROS/ur5_robotiq150/install/_local_setup_util_ps1.py'
[0.512s] INFO:colcon.colcon_core.shell:Creating prefix chain script '/home/nithish/ROS/ur5_robotiq150/install/setup.ps1'
[0.513s] INFO:colcon.colcon_core.shell:Creating prefix script '/home/nithish/ROS/ur5_robotiq150/install/local_setup.sh'
[0.514s] INFO:colcon.colcon_core.shell:Creating prefix util module '/home/nithish/ROS/ur5_robotiq150/install/_local_setup_util_sh.py'
[0.514s] INFO:colcon.colcon_core.shell:Creating prefix chain script '/home/nithish/ROS/ur5_robotiq150/install/setup.sh'
[0.515s] INFO:colcon.colcon_core.shell:Creating prefix script '/home/nithish/ROS/ur5_robotiq150/install/local_setup.bash'
[0.515s] INFO:colcon.colcon_core.shell:Creating prefix chain script '/home/nithish/ROS/ur5_robotiq150/install/setup.bash'
[0.515s] INFO:colcon.colcon_core.shell:Creating prefix script '/home/nithish/ROS/ur5_robotiq150/install/local_setup.zsh'
[0.516s] INFO:colcon.colcon_core.shell:Creating prefix chain script '/home/nithish/ROS/ur5_robotiq150/install/setup.zsh'
