[0.009s] Invoking command in '/home/nithish/ROS/ur5_robotiq150/build/robot_descriptipn': CMAKE_PREFIX_PATH=${CMAKE_PREFIX_PATH}:/opt/ros/jazzy DEBUGINFOD_URLS=https://debuginfod.ubuntu.com /usr/bin/cmake --build /home/nithish/ROS/ur5_robotiq150/build/robot_descriptipn -- -j8 -l8
[0.026s] -- Found ament_cmake: 2.5.5 (/opt/ros/jazzy/share/ament_cmake/cmake)
[0.181s] -- Found urdf: 2.10.0 (/opt/ros/jazzy/share/urdf/cmake)
[0.196s] -- Found TinyXML2 via Config file: /usr/lib/x86_64-linux-gnu/cmake/tinyxml2
[0.198s] -- Found xacro: 2.1.1 (/opt/ros/jazzy/share/xacro/cmake)
[0.199s] -- Found ament_lint_auto: 0.17.4 (/opt/ros/jazzy/share/ament_lint_auto/cmake)
[0.265s] -- Added test 'flake8' to check Python code syntax and style conventions
[0.265s] -- Configured 'flake8' exclude dirs and/or files: 
[0.265s] -- Added test 'lint_cmake' to check CMake code style
[0.265s] -- Added test 'pep257' to check Python code against some of the docstring style conventions in PEP 257
[0.267s] -- Added test 'xmllint' to check XML markup files
[0.267s] -- Configuring done (0.2s)
[0.269s] -- Generating done (0.0s)
[0.270s] -- Build files have been written to: /home/nithish/ROS/ur5_robotiq150/build/robot_descriptipn
[0.288s] Invoked command in '/home/nithish/ROS/ur5_robotiq150/build/robot_descriptipn' returned '0': CMAKE_PREFIX_PATH=${CMAKE_PREFIX_PATH}:/opt/ros/jazzy DEBUGINFOD_URLS=https://debuginfod.ubuntu.com /usr/bin/cmake --build /home/nithish/ROS/ur5_robotiq150/build/robot_descriptipn -- -j8 -l8
[0.295s] Invoking command in '/home/nithish/ROS/ur5_robotiq150/build/robot_descriptipn': CMAKE_PREFIX_PATH=${CMAKE_PREFIX_PATH}:/opt/ros/jazzy DEBUGINFOD_URLS=https://debuginfod.ubuntu.com /usr/bin/cmake --install /home/nithish/ROS/ur5_robotiq150/build/robot_descriptipn
[0.300s] -- Install configuration: ""
[0.301s] -- Up-to-date: /home/nithish/ROS/ur5_robotiq150/install/robot_descriptipn/share/robot_descriptipn/config
[0.301s] -- Up-to-date: /home/nithish/ROS/ur5_robotiq150/install/robot_descriptipn/share/robot_descriptipn/launch
[0.301s] -- Up-to-date: /home/nithish/ROS/ur5_robotiq150/install/robot_descriptipn/share/robot_descriptipn/launch/rviz.launch.py
[0.301s] -- Up-to-date: /home/nithish/ROS/ur5_robotiq150/install/robot_descriptipn/share/robot_descriptipn/meshes
[0.301s] -- Up-to-date: /home/nithish/ROS/ur5_robotiq150/install/robot_descriptipn/share/robot_descriptipn/meshes/visual
[0.301s] -- Up-to-date: /home/nithish/ROS/ur5_robotiq150/install/robot_descriptipn/share/robot_descriptipn/meshes/visual/robotiq_85_knuckle_link.dae
[0.301s] -- Up-to-date: /home/nithish/ROS/ur5_robotiq150/install/robot_descriptipn/share/robot_descriptipn/meshes/visual/SuctionCup.stl
[0.301s] -- Up-to-date: /home/nithish/ROS/ur5_robotiq150/install/robot_descriptipn/share/robot_descriptipn/meshes/visual/upperarm.dae
[0.301s] -- Up-to-date: /home/nithish/ROS/ur5_robotiq150/install/robot_descriptipn/share/robot_descriptipn/meshes/visual/robotiq_85_finger_tip_link.dae
[0.301s] -- Up-to-date: /home/nithish/ROS/ur5_robotiq150/install/robot_descriptipn/share/robot_descriptipn/meshes/visual/wrist1.dae
[0.301s] -- Up-to-date: /home/nithish/ROS/ur5_robotiq150/install/robot_descriptipn/share/robot_descriptipn/meshes/visual/robotiq_arg2f_140_inner_knuckle.stl
[0.301s] -- Up-to-date: /home/nithish/ROS/ur5_robotiq150/install/robot_descriptipn/share/robot_descriptipn/meshes/visual/robotiq_85_base_link.dae
[0.301s] -- Up-to-date: /home/nithish/ROS/ur5_robotiq150/install/robot_descriptipn/share/robot_descriptipn/meshes/visual/robotiq_arg2f_140_outer_knuckle.stl
[0.301s] -- Up-to-date: /home/nithish/ROS/ur5_robotiq150/install/robot_descriptipn/share/robot_descriptipn/meshes/visual/robotiq_arg2f_140_outer_finger.stl
[0.301s] -- Up-to-date: /home/nithish/ROS/ur5_robotiq150/install/robot_descriptipn/share/robot_descriptipn/meshes/visual/forearm.dae
[0.301s] -- Up-to-date: /home/nithish/ROS/ur5_robotiq150/install/robot_descriptipn/share/robot_descriptipn/meshes/visual/wrist3.dae
[0.301s] -- Up-to-date: /home/nithish/ROS/ur5_robotiq150/install/robot_descriptipn/share/robot_descriptipn/meshes/visual/robotiq_85_finger_link.dae
[0.302s] -- Up-to-date: /home/nithish/ROS/ur5_robotiq150/install/robot_descriptipn/share/robot_descriptipn/meshes/visual/base.dae
[0.302s] -- Up-to-date: /home/nithish/ROS/ur5_robotiq150/install/robot_descriptipn/share/robot_descriptipn/meshes/visual/wrist2.dae
[0.302s] -- Up-to-date: /home/nithish/ROS/ur5_robotiq150/install/robot_descriptipn/share/robot_descriptipn/meshes/visual/robotiq_arg2f_coupling.stl
[0.302s] -- Up-to-date: /home/nithish/ROS/ur5_robotiq150/install/robot_descriptipn/share/robot_descriptipn/meshes/visual/shoulder.dae
[0.302s] -- Up-to-date: /home/nithish/ROS/ur5_robotiq150/install/robot_descriptipn/share/robot_descriptipn/meshes/visual/robotiq_85_inner_knuckle_link.dae
[0.302s] -- Up-to-date: /home/nithish/ROS/ur5_robotiq150/install/robot_descriptipn/share/robot_descriptipn/meshes/visual/robotiq_arg2f_base_link.stl
[0.302s] -- Up-to-date: /home/nithish/ROS/ur5_robotiq150/install/robot_descriptipn/share/robot_descriptipn/meshes/visual/robotiq_arg2f_140_inner_finger.stl
[0.302s] -- Up-to-date: /home/nithish/ROS/ur5_robotiq150/install/robot_descriptipn/share/robot_descriptipn/meshes/collision
[0.302s] -- Up-to-date: /home/nithish/ROS/ur5_robotiq150/install/robot_descriptipn/share/robot_descriptipn/meshes/collision/SuctionCup.stl
[0.302s] -- Up-to-date: /home/nithish/ROS/ur5_robotiq150/install/robot_descriptipn/share/robot_descriptipn/meshes/collision/robotiq_85_knuckle_link.stl
[0.302s] -- Up-to-date: /home/nithish/ROS/ur5_robotiq150/install/robot_descriptipn/share/robot_descriptipn/meshes/collision/robotiq_85_finger_link.stl
[0.302s] -- Up-to-date: /home/nithish/ROS/ur5_robotiq150/install/robot_descriptipn/share/robot_descriptipn/meshes/collision/upperarm.stl
[0.302s] -- Up-to-date: /home/nithish/ROS/ur5_robotiq150/install/robot_descriptipn/share/robot_descriptipn/meshes/collision/wrist3.stl
[0.302s] -- Up-to-date: /home/nithish/ROS/ur5_robotiq150/install/robot_descriptipn/share/robot_descriptipn/meshes/collision/robotiq_85_inner_knuckle_link.stl
[0.302s] -- Up-to-date: /home/nithish/ROS/ur5_robotiq150/install/robot_descriptipn/share/robot_descriptipn/meshes/collision/robotiq_arg2f_140_inner_knuckle.stl
[0.302s] -- Up-to-date: /home/nithish/ROS/ur5_robotiq150/install/robot_descriptipn/share/robot_descriptipn/meshes/collision/wrist2.stl
[0.302s] -- Up-to-date: /home/nithish/ROS/ur5_robotiq150/install/robot_descriptipn/share/robot_descriptipn/meshes/collision/shoulder.stl
[0.303s] -- Up-to-date: /home/nithish/ROS/ur5_robotiq150/install/robot_descriptipn/share/robot_descriptipn/meshes/collision/robotiq_arg2f_140_outer_knuckle.stl
[0.303s] -- Up-to-date: /home/nithish/ROS/ur5_robotiq150/install/robot_descriptipn/share/robot_descriptipn/meshes/collision/robotiq_arg2f_140_outer_finger.stl
[0.303s] -- Up-to-date: /home/nithish/ROS/ur5_robotiq150/install/robot_descriptipn/share/robot_descriptipn/meshes/collision/base.stl
[0.303s] -- Up-to-date: /home/nithish/ROS/ur5_robotiq150/install/robot_descriptipn/share/robot_descriptipn/meshes/collision/robotiq_85_finger_tip_link.stl
[0.303s] -- Up-to-date: /home/nithish/ROS/ur5_robotiq150/install/robot_descriptipn/share/robot_descriptipn/meshes/collision/robotiq_85_base_link.stl
[0.303s] -- Up-to-date: /home/nithish/ROS/ur5_robotiq150/install/robot_descriptipn/share/robot_descriptipn/meshes/collision/wrist1.stl
[0.303s] -- Up-to-date: /home/nithish/ROS/ur5_robotiq150/install/robot_descriptipn/share/robot_descriptipn/meshes/collision/robotiq_arg2f_coupling.stl
[0.303s] -- Up-to-date: /home/nithish/ROS/ur5_robotiq150/install/robot_descriptipn/share/robot_descriptipn/meshes/collision/forearm.stl
[0.303s] -- Up-to-date: /home/nithish/ROS/ur5_robotiq150/install/robot_descriptipn/share/robot_descriptipn/meshes/collision/robotiq_arg2f_base_link.stl
[0.303s] -- Up-to-date: /home/nithish/ROS/ur5_robotiq150/install/robot_descriptipn/share/robot_descriptipn/meshes/collision/robotiq_arg2f_140_inner_finger.stl
[0.303s] -- Up-to-date: /home/nithish/ROS/ur5_robotiq150/install/robot_descriptipn/share/robot_descriptipn/urdf
[0.303s] -- Up-to-date: /home/nithish/ROS/ur5_robotiq150/install/robot_descriptipn/share/robot_descriptipn/urdf/ur5.urdf.xacro
[0.303s] -- Installing: /home/nithish/ROS/ur5_robotiq150/install/robot_descriptipn/share/ament_index/resource_index/package_run_dependencies/robot_descriptipn
[0.303s] -- Installing: /home/nithish/ROS/ur5_robotiq150/install/robot_descriptipn/share/ament_index/resource_index/parent_prefix_path/robot_descriptipn
[0.303s] -- Installing: /home/nithish/ROS/ur5_robotiq150/install/robot_descriptipn/share/robot_descriptipn/environment/ament_prefix_path.sh
[0.303s] -- Installing: /home/nithish/ROS/ur5_robotiq150/install/robot_descriptipn/share/robot_descriptipn/environment/ament_prefix_path.dsv
[0.303s] -- Installing: /home/nithish/ROS/ur5_robotiq150/install/robot_descriptipn/share/robot_descriptipn/environment/path.sh
[0.303s] -- Installing: /home/nithish/ROS/ur5_robotiq150/install/robot_descriptipn/share/robot_descriptipn/environment/path.dsv
[0.303s] -- Installing: /home/nithish/ROS/ur5_robotiq150/install/robot_descriptipn/share/robot_descriptipn/local_setup.bash
[0.304s] -- Installing: /home/nithish/ROS/ur5_robotiq150/install/robot_descriptipn/share/robot_descriptipn/local_setup.sh
[0.304s] -- Installing: /home/nithish/ROS/ur5_robotiq150/install/robot_descriptipn/share/robot_descriptipn/local_setup.zsh
[0.304s] -- Installing: /home/nithish/ROS/ur5_robotiq150/install/robot_descriptipn/share/robot_descriptipn/local_setup.dsv
[0.304s] -- Up-to-date: /home/nithish/ROS/ur5_robotiq150/install/robot_descriptipn/share/robot_descriptipn/package.dsv
[0.304s] -- Installing: /home/nithish/ROS/ur5_robotiq150/install/robot_descriptipn/share/ament_index/resource_index/packages/robot_descriptipn
[0.304s] -- Installing: /home/nithish/ROS/ur5_robotiq150/install/robot_descriptipn/share/robot_descriptipn/cmake/robot_descriptipnConfig.cmake
[0.304s] -- Installing: /home/nithish/ROS/ur5_robotiq150/install/robot_descriptipn/share/robot_descriptipn/cmake/robot_descriptipnConfig-version.cmake
[0.304s] -- Installing: /home/nithish/ROS/ur5_robotiq150/install/robot_descriptipn/share/robot_descriptipn/package.xml
[0.304s] Invoked command in '/home/nithish/ROS/ur5_robotiq150/build/robot_descriptipn' returned '0': CMAKE_PREFIX_PATH=${CMAKE_PREFIX_PATH}:/opt/ros/jazzy DEBUGINFOD_URLS=https://debuginfod.ubuntu.com /usr/bin/cmake --install /home/nithish/ROS/ur5_robotiq150/build/robot_descriptipn
