-- The C compiler identification is GNU 13.3.0
-- The CXX compiler identification is GNU 13.3.0
-- Detecting C compiler ABI info
-- Detecting C compiler ABI info - done
-- Check for working C compiler: /usr/bin/cc - skipped
-- Detecting C compile features
-- Detecting C compile features - done
-- Detecting CXX compiler ABI info
-- Detecting CXX compiler ABI info - done
-- Check for working CXX compiler: /usr/bin/c++ - skipped
-- Detecting CXX compile features
-- Detecting CXX compile features - done
-- Found ament_cmake: 2.5.5 (/opt/ros/jazzy/share/ament_cmake/cmake)
-- Found Python3: /usr/bin/python3 (found version "3.12.3") found components: Interpreter 
-- Found urdf: 2.10.0 (/opt/ros/jazzy/share/urdf/cmake)
-- Found TinyXML2 via Config file: /usr/lib/x86_64-linux-gnu/cmake/tinyxml2
-- Found xacro: 2.1.1 (/opt/ros/jazzy/share/xacro/cmake)
-- Found ament_lint_auto: 0.17.4 (/opt/ros/jazzy/share/ament_lint_auto/cmake)
-- Added test 'flake8' to check Python code syntax and style conventions
-- Configured 'flake8' exclude dirs and/or files: 
-- Added test 'lint_cmake' to check CMake code style
-- Added test 'pep257' to check Python code against some of the docstring style conventions in PEP 257
-- Added test 'xmllint' to check XML markup files
-- Configuring done (0.6s)
-- Generating done (0.0s)
-- Build files have been written to: /home/nithish/ROS/ur5_robotiq150/build/robot_description
-- Install configuration: ""
-- Installing: /home/nithish/ROS/ur5_robotiq150/install/robot_description/share/robot_description/config
-- Installing: /home/nithish/ROS/ur5_robotiq150/install/robot_description/share/robot_description/launch
-- Installing: /home/nithish/ROS/ur5_robotiq150/install/robot_description/share/robot_description/launch/rviz.launch.py
-- Installing: /home/nithish/ROS/ur5_robotiq150/install/robot_description/share/robot_description/meshes
-- Installing: /home/nithish/ROS/ur5_robotiq150/install/robot_description/share/robot_description/meshes/visual
-- Installing: /home/nithish/ROS/ur5_robotiq150/install/robot_description/share/robot_description/meshes/visual/robotiq_85_knuckle_link.dae
-- Installing: /home/nithish/ROS/ur5_robotiq150/install/robot_description/share/robot_description/meshes/visual/SuctionCup.stl
-- Installing: /home/nithish/ROS/ur5_robotiq150/install/robot_description/share/robot_description/meshes/visual/upperarm.dae
-- Installing: /home/nithish/ROS/ur5_robotiq150/install/robot_description/share/robot_description/meshes/visual/robotiq_85_finger_tip_link.dae
-- Installing: /home/nithish/ROS/ur5_robotiq150/install/robot_description/share/robot_description/meshes/visual/wrist1.dae
-- Installing: /home/nithish/ROS/ur5_robotiq150/install/robot_description/share/robot_description/meshes/visual/robotiq_arg2f_140_inner_knuckle.stl
-- Installing: /home/nithish/ROS/ur5_robotiq150/install/robot_description/share/robot_description/meshes/visual/robotiq_85_base_link.dae
-- Installing: /home/nithish/ROS/ur5_robotiq150/install/robot_description/share/robot_description/meshes/visual/robotiq_arg2f_140_outer_knuckle.stl
-- Installing: /home/nithish/ROS/ur5_robotiq150/install/robot_description/share/robot_description/meshes/visual/robotiq_arg2f_140_outer_finger.stl
-- Installing: /home/nithish/ROS/ur5_robotiq150/install/robot_description/share/robot_description/meshes/visual/forearm.dae
-- Installing: /home/nithish/ROS/ur5_robotiq150/install/robot_description/share/robot_description/meshes/visual/wrist3.dae
-- Installing: /home/nithish/ROS/ur5_robotiq150/install/robot_description/share/robot_description/meshes/visual/robotiq_85_finger_link.dae
-- Installing: /home/nithish/ROS/ur5_robotiq150/install/robot_description/share/robot_description/meshes/visual/base.dae
-- Installing: /home/nithish/ROS/ur5_robotiq150/install/robot_description/share/robot_description/meshes/visual/wrist2.dae
-- Installing: /home/nithish/ROS/ur5_robotiq150/install/robot_description/share/robot_description/meshes/visual/robotiq_arg2f_coupling.stl
-- Installing: /home/nithish/ROS/ur5_robotiq150/install/robot_description/share/robot_description/meshes/visual/shoulder.dae
-- Installing: /home/nithish/ROS/ur5_robotiq150/install/robot_description/share/robot_description/meshes/visual/robotiq_85_inner_knuckle_link.dae
-- Installing: /home/nithish/ROS/ur5_robotiq150/install/robot_description/share/robot_description/meshes/visual/robotiq_arg2f_base_link.stl
-- Installing: /home/nithish/ROS/ur5_robotiq150/install/robot_description/share/robot_description/meshes/visual/robotiq_arg2f_140_inner_finger.stl
-- Installing: /home/nithish/ROS/ur5_robotiq150/install/robot_description/share/robot_description/meshes/collision
-- Installing: /home/nithish/ROS/ur5_robotiq150/install/robot_description/share/robot_description/meshes/collision/SuctionCup.stl
-- Installing: /home/nithish/ROS/ur5_robotiq150/install/robot_description/share/robot_description/meshes/collision/robotiq_85_knuckle_link.stl
-- Installing: /home/nithish/ROS/ur5_robotiq150/install/robot_description/share/robot_description/meshes/collision/robotiq_85_finger_link.stl
-- Installing: /home/nithish/ROS/ur5_robotiq150/install/robot_description/share/robot_description/meshes/collision/upperarm.stl
-- Installing: /home/nithish/ROS/ur5_robotiq150/install/robot_description/share/robot_description/meshes/collision/wrist3.stl
-- Installing: /home/nithish/ROS/ur5_robotiq150/install/robot_description/share/robot_description/meshes/collision/robotiq_85_inner_knuckle_link.stl
-- Installing: /home/nithish/ROS/ur5_robotiq150/install/robot_description/share/robot_description/meshes/collision/robotiq_arg2f_140_inner_knuckle.stl
-- Installing: /home/nithish/ROS/ur5_robotiq150/install/robot_description/share/robot_description/meshes/collision/wrist2.stl
-- Installing: /home/nithish/ROS/ur5_robotiq150/install/robot_description/share/robot_description/meshes/collision/shoulder.stl
-- Installing: /home/nithish/ROS/ur5_robotiq150/install/robot_description/share/robot_description/meshes/collision/robotiq_arg2f_140_outer_knuckle.stl
-- Installing: /home/nithish/ROS/ur5_robotiq150/install/robot_description/share/robot_description/meshes/collision/robotiq_arg2f_140_outer_finger.stl
-- Installing: /home/nithish/ROS/ur5_robotiq150/install/robot_description/share/robot_description/meshes/collision/base.stl
-- Installing: /home/nithish/ROS/ur5_robotiq150/install/robot_description/share/robot_description/meshes/collision/robotiq_85_finger_tip_link.stl
-- Installing: /home/nithish/ROS/ur5_robotiq150/install/robot_description/share/robot_description/meshes/collision/robotiq_85_base_link.stl
-- Installing: /home/nithish/ROS/ur5_robotiq150/install/robot_description/share/robot_description/meshes/collision/wrist1.stl
-- Installing: /home/nithish/ROS/ur5_robotiq150/install/robot_description/share/robot_description/meshes/collision/robotiq_arg2f_coupling.stl
-- Installing: /home/nithish/ROS/ur5_robotiq150/install/robot_description/share/robot_description/meshes/collision/forearm.stl
-- Installing: /home/nithish/ROS/ur5_robotiq150/install/robot_description/share/robot_description/meshes/collision/robotiq_arg2f_base_link.stl
-- Installing: /home/nithish/ROS/ur5_robotiq150/install/robot_description/share/robot_description/meshes/collision/robotiq_arg2f_140_inner_finger.stl
-- Installing: /home/nithish/ROS/ur5_robotiq150/install/robot_description/share/robot_description/urdf
-- Installing: /home/nithish/ROS/ur5_robotiq150/install/robot_description/share/robot_description/urdf/ur5.urdf.xacro
-- Installing: /home/nithish/ROS/ur5_robotiq150/install/robot_description/share/ament_index/resource_index/package_run_dependencies/robot_description
-- Installing: /home/nithish/ROS/ur5_robotiq150/install/robot_description/share/ament_index/resource_index/parent_prefix_path/robot_description
-- Installing: /home/nithish/ROS/ur5_robotiq150/install/robot_description/share/robot_description/environment/ament_prefix_path.sh
-- Installing: /home/nithish/ROS/ur5_robotiq150/install/robot_description/share/robot_description/environment/ament_prefix_path.dsv
-- Installing: /home/nithish/ROS/ur5_robotiq150/install/robot_description/share/robot_description/environment/path.sh
-- Installing: /home/nithish/ROS/ur5_robotiq150/install/robot_description/share/robot_description/environment/path.dsv
-- Installing: /home/nithish/ROS/ur5_robotiq150/install/robot_description/share/robot_description/local_setup.bash
-- Installing: /home/nithish/ROS/ur5_robotiq150/install/robot_description/share/robot_description/local_setup.sh
-- Installing: /home/nithish/ROS/ur5_robotiq150/install/robot_description/share/robot_description/local_setup.zsh
-- Installing: /home/nithish/ROS/ur5_robotiq150/install/robot_description/share/robot_description/local_setup.dsv
-- Installing: /home/nithish/ROS/ur5_robotiq150/install/robot_description/share/robot_description/package.dsv
-- Installing: /home/nithish/ROS/ur5_robotiq150/install/robot_description/share/ament_index/resource_index/packages/robot_description
-- Installing: /home/nithish/ROS/ur5_robotiq150/install/robot_description/share/robot_description/cmake/robot_descriptionConfig.cmake
-- Installing: /home/nithish/ROS/ur5_robotiq150/install/robot_description/share/robot_description/cmake/robot_descriptionConfig-version.cmake
-- Installing: /home/nithish/ROS/ur5_robotiq150/install/robot_description/share/robot_description/package.xml
