[0.010s] Invoking command in '/home/nithish/ROS/ur5_robotiq150/build/robot_descriptipn': CMAKE_PREFIX_PATH=${CMAKE_PREFIX_PATH}:/opt/ros/jazzy DEBUGINFOD_URLS=https://debuginfod.ubuntu.com /usr/bin/cmake /home/nithish/ROS/ur5_robotiq150/src/robot_descriptipn -DCMAKE_INSTALL_PREFIX=/home/nithish/ROS/ur5_robotiq150/install/robot_descriptipn
[0.101s] -- The C compiler identification is GNU 13.3.0
[0.177s] -- The CXX compiler identification is GNU 13.3.0
[0.191s] -- Detecting C compiler ABI info
[0.256s] -- Detecting C compiler ABI info - done
[0.264s] -- Check for working C compiler: /usr/bin/cc - skipped
[0.264s] -- Detecting C compile features
[0.265s] -- Detecting C compile features - done
[0.272s] -- Detecting CXX compiler ABI info
[0.339s] -- Detecting CXX compiler ABI info - done
[0.345s] -- Check for working CXX compiler: /usr/bin/c++ - skipped
[0.345s] -- Detecting CXX compile features
[0.346s] -- Detecting CXX compile features - done
[0.355s] -- Found ament_cmake: 2.5.5 (/opt/ros/jazzy/share/ament_cmake/cmake)
[0.468s] -- Found Python3: /usr/bin/python3 (found version "3.12.3") found components: Interpreter 
[0.566s] -- Found urdf: 2.10.0 (/opt/ros/jazzy/share/urdf/cmake)
[0.610s] -- Found TinyXML2 via Config file: /usr/lib/x86_64-linux-gnu/cmake/tinyxml2
[0.622s] -- Found xacro: 2.1.1 (/opt/ros/jazzy/share/xacro/cmake)
[0.625s] -- Found ament_lint_auto: 0.17.4 (/opt/ros/jazzy/share/ament_lint_auto/cmake)
[0.713s] -- Added test 'flake8' to check Python code syntax and style conventions
[0.714s] -- Configured 'flake8' exclude dirs and/or files: 
[0.714s] -- Added test 'lint_cmake' to check CMake code style
[0.715s] -- Added test 'pep257' to check Python code against some of the docstring style conventions in PEP 257
[0.717s] -- Added test 'xmllint' to check XML markup files
[0.718s] -- Configuring done (0.7s)
[0.720s] -- Generating done (0.0s)
[0.722s] -- Build files have been written to: /home/nithish/ROS/ur5_robotiq150/build/robot_descriptipn
[0.727s] Invoked command in '/home/nithish/ROS/ur5_robotiq150/build/robot_descriptipn' returned '0': CMAKE_PREFIX_PATH=${CMAKE_PREFIX_PATH}:/opt/ros/jazzy DEBUGINFOD_URLS=https://debuginfod.ubuntu.com /usr/bin/cmake /home/nithish/ROS/ur5_robotiq150/src/robot_descriptipn -DCMAKE_INSTALL_PREFIX=/home/nithish/ROS/ur5_robotiq150/install/robot_descriptipn
[0.728s] Invoking command in '/home/nithish/ROS/ur5_robotiq150/build/robot_descriptipn': CMAKE_PREFIX_PATH=${CMAKE_PREFIX_PATH}:/opt/ros/jazzy DEBUGINFOD_URLS=https://debuginfod.ubuntu.com /usr/bin/cmake --build /home/nithish/ROS/ur5_robotiq150/build/robot_descriptipn -- -j8 -l8
[0.758s] Invoked command in '/home/nithish/ROS/ur5_robotiq150/build/robot_descriptipn' returned '0': CMAKE_PREFIX_PATH=${CMAKE_PREFIX_PATH}:/opt/ros/jazzy DEBUGINFOD_URLS=https://debuginfod.ubuntu.com /usr/bin/cmake --build /home/nithish/ROS/ur5_robotiq150/build/robot_descriptipn -- -j8 -l8
[0.766s] Invoking command in '/home/nithish/ROS/ur5_robotiq150/build/robot_descriptipn': CMAKE_PREFIX_PATH=${CMAKE_PREFIX_PATH}:/opt/ros/jazzy DEBUGINFOD_URLS=https://debuginfod.ubuntu.com /usr/bin/cmake --install /home/nithish/ROS/ur5_robotiq150/build/robot_descriptipn
[0.771s] -- Install configuration: ""
[0.771s] -- Installing: /home/nithish/ROS/ur5_robotiq150/install/robot_descriptipn/share/robot_descriptipn/config
[0.771s] -- Installing: /home/nithish/ROS/ur5_robotiq150/install/robot_descriptipn/share/robot_descriptipn/launch
[0.771s] -- Installing: /home/nithish/ROS/ur5_robotiq150/install/robot_descriptipn/share/robot_descriptipn/launch/rviz.launch.py
[0.771s] -- Installing: /home/nithish/ROS/ur5_robotiq150/install/robot_descriptipn/share/robot_descriptipn/meshes
[0.771s] -- Installing: /home/nithish/ROS/ur5_robotiq150/install/robot_descriptipn/share/robot_descriptipn/meshes/visual
[0.771s] -- Installing: /home/nithish/ROS/ur5_robotiq150/install/robot_descriptipn/share/robot_descriptipn/meshes/visual/robotiq_85_knuckle_link.dae
[0.771s] -- Installing: /home/nithish/ROS/ur5_robotiq150/install/robot_descriptipn/share/robot_descriptipn/meshes/visual/SuctionCup.stl
[0.771s] -- Installing: /home/nithish/ROS/ur5_robotiq150/install/robot_descriptipn/share/robot_descriptipn/meshes/visual/upperarm.dae
[0.772s] -- Installing: /home/nithish/ROS/ur5_robotiq150/install/robot_descriptipn/share/robot_descriptipn/meshes/visual/robotiq_85_finger_tip_link.dae
[0.772s] -- Installing: /home/nithish/ROS/ur5_robotiq150/install/robot_descriptipn/share/robot_descriptipn/meshes/visual/wrist1.dae
[0.773s] -- Installing: /home/nithish/ROS/ur5_robotiq150/install/robot_descriptipn/share/robot_descriptipn/meshes/visual/robotiq_arg2f_140_inner_knuckle.stl
[0.773s] -- Installing: /home/nithish/ROS/ur5_robotiq150/install/robot_descriptipn/share/robot_descriptipn/meshes/visual/robotiq_85_base_link.dae
[0.774s] -- Installing: /home/nithish/ROS/ur5_robotiq150/install/robot_descriptipn/share/robot_descriptipn/meshes/visual/robotiq_arg2f_140_outer_knuckle.stl
[0.774s] -- Installing: /home/nithish/ROS/ur5_robotiq150/install/robot_descriptipn/share/robot_descriptipn/meshes/visual/robotiq_arg2f_140_outer_finger.stl
[0.774s] -- Installing: /home/nithish/ROS/ur5_robotiq150/install/robot_descriptipn/share/robot_descriptipn/meshes/visual/forearm.dae
[0.775s] -- Installing: /home/nithish/ROS/ur5_robotiq150/install/robot_descriptipn/share/robot_descriptipn/meshes/visual/wrist3.dae
[0.775s] -- Installing: /home/nithish/ROS/ur5_robotiq150/install/robot_descriptipn/share/robot_descriptipn/meshes/visual/robotiq_85_finger_link.dae
[0.775s] -- Installing: /home/nithish/ROS/ur5_robotiq150/install/robot_descriptipn/share/robot_descriptipn/meshes/visual/base.dae
[0.775s] -- Installing: /home/nithish/ROS/ur5_robotiq150/install/robot_descriptipn/share/robot_descriptipn/meshes/visual/wrist2.dae
[0.776s] -- Installing: /home/nithish/ROS/ur5_robotiq150/install/robot_descriptipn/share/robot_descriptipn/meshes/visual/robotiq_arg2f_coupling.stl
[0.776s] -- Installing: /home/nithish/ROS/ur5_robotiq150/install/robot_descriptipn/share/robot_descriptipn/meshes/visual/shoulder.dae
[0.776s] -- Installing: /home/nithish/ROS/ur5_robotiq150/install/robot_descriptipn/share/robot_descriptipn/meshes/visual/robotiq_85_inner_knuckle_link.dae
[0.776s] -- Installing: /home/nithish/ROS/ur5_robotiq150/install/robot_descriptipn/share/robot_descriptipn/meshes/visual/robotiq_arg2f_base_link.stl
[0.777s] -- Installing: /home/nithish/ROS/ur5_robotiq150/install/robot_descriptipn/share/robot_descriptipn/meshes/visual/robotiq_arg2f_140_inner_finger.stl
[0.777s] -- Installing: /home/nithish/ROS/ur5_robotiq150/install/robot_descriptipn/share/robot_descriptipn/meshes/collision
[0.777s] -- Installing: /home/nithish/ROS/ur5_robotiq150/install/robot_descriptipn/share/robot_descriptipn/meshes/collision/SuctionCup.stl
[0.777s] -- Installing: /home/nithish/ROS/ur5_robotiq150/install/robot_descriptipn/share/robot_descriptipn/meshes/collision/robotiq_85_knuckle_link.stl
[0.777s] -- Installing: /home/nithish/ROS/ur5_robotiq150/install/robot_descriptipn/share/robot_descriptipn/meshes/collision/robotiq_85_finger_link.stl
[0.777s] -- Installing: /home/nithish/ROS/ur5_robotiq150/install/robot_descriptipn/share/robot_descriptipn/meshes/collision/upperarm.stl
[0.777s] -- Installing: /home/nithish/ROS/ur5_robotiq150/install/robot_descriptipn/share/robot_descriptipn/meshes/collision/wrist3.stl
[0.777s] -- Installing: /home/nithish/ROS/ur5_robotiq150/install/robot_descriptipn/share/robot_descriptipn/meshes/collision/robotiq_85_inner_knuckle_link.stl
[0.777s] -- Installing: /home/nithish/ROS/ur5_robotiq150/install/robot_descriptipn/share/robot_descriptipn/meshes/collision/robotiq_arg2f_140_inner_knuckle.stl
[0.777s] -- Installing: /home/nithish/ROS/ur5_robotiq150/install/robot_descriptipn/share/robot_descriptipn/meshes/collision/wrist2.stl
[0.777s] -- Installing: /home/nithish/ROS/ur5_robotiq150/install/robot_descriptipn/share/robot_descriptipn/meshes/collision/shoulder.stl
[0.777s] -- Installing: /home/nithish/ROS/ur5_robotiq150/install/robot_descriptipn/share/robot_descriptipn/meshes/collision/robotiq_arg2f_140_outer_knuckle.stl
[0.777s] -- Installing: /home/nithish/ROS/ur5_robotiq150/install/robot_descriptipn/share/robot_descriptipn/meshes/collision/robotiq_arg2f_140_outer_finger.stl
[0.777s] -- Installing: /home/nithish/ROS/ur5_robotiq150/install/robot_descriptipn/share/robot_descriptipn/meshes/collision/base.stl
[0.777s] -- Installing: /home/nithish/ROS/ur5_robotiq150/install/robot_descriptipn/share/robot_descriptipn/meshes/collision/robotiq_85_finger_tip_link.stl
[0.777s] -- Installing: /home/nithish/ROS/ur5_robotiq150/install/robot_descriptipn/share/robot_descriptipn/meshes/collision/robotiq_85_base_link.stl
[0.778s] -- Installing: /home/nithish/ROS/ur5_robotiq150/install/robot_descriptipn/share/robot_descriptipn/meshes/collision/wrist1.stl
[0.778s] -- Installing: /home/nithish/ROS/ur5_robotiq150/install/robot_descriptipn/share/robot_descriptipn/meshes/collision/robotiq_arg2f_coupling.stl
[0.778s] -- Installing: /home/nithish/ROS/ur5_robotiq150/install/robot_descriptipn/share/robot_descriptipn/meshes/collision/forearm.stl
[0.778s] -- Installing: /home/nithish/ROS/ur5_robotiq150/install/robot_descriptipn/share/robot_descriptipn/meshes/collision/robotiq_arg2f_base_link.stl
[0.779s] -- Installing: /home/nithish/ROS/ur5_robotiq150/install/robot_descriptipn/share/robot_descriptipn/meshes/collision/robotiq_arg2f_140_inner_finger.stl
[0.779s] -- Installing: /home/nithish/ROS/ur5_robotiq150/install/robot_descriptipn/share/robot_descriptipn/urdf
[0.779s] [31mCMake Error at cmake_install.cmake:46 (file):
[0.779s]   file INSTALL cannot find
[0.779s]   "/home/nithish/ROS/ur5_robotiq150/src/robot_descriptipn/worlds": No such
[0.779s]   file or directory.
[0.779s] 
[0.779s] [0m
[0.779s] -- Installing: /home/nithish/ROS/ur5_robotiq150/install/robot_descriptipn/share/robot_descriptipn/urdf/ur5.urdf.xacro
[0.780s] Invoked command in '/home/nithish/ROS/ur5_robotiq150/build/robot_descriptipn' returned '1': CMAKE_PREFIX_PATH=${CMAKE_PREFIX_PATH}:/opt/ros/jazzy DEBUGINFOD_URLS=https://debuginfod.ubuntu.com /usr/bin/cmake --install /home/nithish/ROS/ur5_robotiq150/build/robot_descriptipn
