-- Install configuration: ""
-- Up-to-date: /home/nithish/ROS/ur5_robotiq150/install/robot_description/share/robot_description/config
-- Installing: /home/nithish/ROS/ur5_robotiq150/install/robot_description/share/robot_description/config/view_config.rviz
-- Up-to-date: /home/nithish/ROS/ur5_robotiq150/install/robot_description/share/robot_description/launch
-- Up-to-date: /home/nithish/ROS/ur5_robotiq150/install/robot_description/share/robot_description/launch/rviz.launch.py
-- Up-to-date: /home/nithish/ROS/ur5_robotiq150/install/robot_description/share/robot_description/meshes
-- Up-to-date: /home/nithish/ROS/ur5_robotiq150/install/robot_description/share/robot_description/meshes/visual
-- Up-to-date: /home/nithish/ROS/ur5_robotiq150/install/robot_description/share/robot_description/meshes/visual/robotiq_85_knuckle_link.dae
-- Up-to-date: /home/nithish/ROS/ur5_robotiq150/install/robot_description/share/robot_description/meshes/visual/SuctionCup.stl
-- Up-to-date: /home/nithish/ROS/ur5_robotiq150/install/robot_description/share/robot_description/meshes/visual/upperarm.dae
-- Up-to-date: /home/nithish/ROS/ur5_robotiq150/install/robot_description/share/robot_description/meshes/visual/robotiq_85_finger_tip_link.dae
-- Up-to-date: /home/nithish/ROS/ur5_robotiq150/install/robot_description/share/robot_description/meshes/visual/wrist1.dae
-- Up-to-date: /home/nithish/ROS/ur5_robotiq150/install/robot_description/share/robot_description/meshes/visual/robotiq_arg2f_140_inner_knuckle.stl
-- Up-to-date: /home/nithish/ROS/ur5_robotiq150/install/robot_description/share/robot_description/meshes/visual/robotiq_85_base_link.dae
-- Up-to-date: /home/nithish/ROS/ur5_robotiq150/install/robot_description/share/robot_description/meshes/visual/robotiq_arg2f_140_outer_knuckle.stl
-- Up-to-date: /home/nithish/ROS/ur5_robotiq150/install/robot_description/share/robot_description/meshes/visual/robotiq_arg2f_140_outer_finger.stl
-- Up-to-date: /home/nithish/ROS/ur5_robotiq150/install/robot_description/share/robot_description/meshes/visual/forearm.dae
-- Up-to-date: /home/nithish/ROS/ur5_robotiq150/install/robot_description/share/robot_description/meshes/visual/wrist3.dae
-- Up-to-date: /home/nithish/ROS/ur5_robotiq150/install/robot_description/share/robot_description/meshes/visual/robotiq_85_finger_link.dae
-- Up-to-date: /home/nithish/ROS/ur5_robotiq150/install/robot_description/share/robot_description/meshes/visual/base.dae
-- Up-to-date: /home/nithish/ROS/ur5_robotiq150/install/robot_description/share/robot_description/meshes/visual/wrist2.dae
-- Up-to-date: /home/nithish/ROS/ur5_robotiq150/install/robot_description/share/robot_description/meshes/visual/robotiq_arg2f_coupling.stl
-- Up-to-date: /home/nithish/ROS/ur5_robotiq150/install/robot_description/share/robot_description/meshes/visual/shoulder.dae
-- Up-to-date: /home/nithish/ROS/ur5_robotiq150/install/robot_description/share/robot_description/meshes/visual/robotiq_85_inner_knuckle_link.dae
-- Up-to-date: /home/nithish/ROS/ur5_robotiq150/install/robot_description/share/robot_description/meshes/visual/robotiq_arg2f_base_link.stl
-- Up-to-date: /home/nithish/ROS/ur5_robotiq150/install/robot_description/share/robot_description/meshes/visual/robotiq_arg2f_140_inner_finger.stl
-- Up-to-date: /home/nithish/ROS/ur5_robotiq150/install/robot_description/share/robot_description/meshes/collision
-- Up-to-date: /home/nithish/ROS/ur5_robotiq150/install/robot_description/share/robot_description/meshes/collision/SuctionCup.stl
-- Up-to-date: /home/nithish/ROS/ur5_robotiq150/install/robot_description/share/robot_description/meshes/collision/robotiq_85_knuckle_link.stl
-- Up-to-date: /home/nithish/ROS/ur5_robotiq150/install/robot_description/share/robot_description/meshes/collision/robotiq_85_finger_link.stl
-- Up-to-date: /home/nithish/ROS/ur5_robotiq150/install/robot_description/share/robot_description/meshes/collision/upperarm.stl
-- Up-to-date: /home/nithish/ROS/ur5_robotiq150/install/robot_description/share/robot_description/meshes/collision/wrist3.stl
-- Up-to-date: /home/nithish/ROS/ur5_robotiq150/install/robot_description/share/robot_description/meshes/collision/robotiq_85_inner_knuckle_link.stl
-- Up-to-date: /home/nithish/ROS/ur5_robotiq150/install/robot_description/share/robot_description/meshes/collision/robotiq_arg2f_140_inner_knuckle.stl
-- Up-to-date: /home/nithish/ROS/ur5_robotiq150/install/robot_description/share/robot_description/meshes/collision/wrist2.stl
-- Up-to-date: /home/nithish/ROS/ur5_robotiq150/install/robot_description/share/robot_description/meshes/collision/shoulder.stl
-- Up-to-date: /home/nithish/ROS/ur5_robotiq150/install/robot_description/share/robot_description/meshes/collision/robotiq_arg2f_140_outer_knuckle.stl
-- Up-to-date: /home/nithish/ROS/ur5_robotiq150/install/robot_description/share/robot_description/meshes/collision/robotiq_arg2f_140_outer_finger.stl
-- Up-to-date: /home/nithish/ROS/ur5_robotiq150/install/robot_description/share/robot_description/meshes/collision/base.stl
-- Up-to-date: /home/nithish/ROS/ur5_robotiq150/install/robot_description/share/robot_description/meshes/collision/robotiq_85_finger_tip_link.stl
-- Up-to-date: /home/nithish/ROS/ur5_robotiq150/install/robot_description/share/robot_description/meshes/collision/robotiq_85_base_link.stl
-- Up-to-date: /home/nithish/ROS/ur5_robotiq150/install/robot_description/share/robot_description/meshes/collision/wrist1.stl
-- Up-to-date: /home/nithish/ROS/ur5_robotiq150/install/robot_description/share/robot_description/meshes/collision/robotiq_arg2f_coupling.stl
-- Up-to-date: /home/nithish/ROS/ur5_robotiq150/install/robot_description/share/robot_description/meshes/collision/forearm.stl
-- Up-to-date: /home/nithish/ROS/ur5_robotiq150/install/robot_description/share/robot_description/meshes/collision/robotiq_arg2f_base_link.stl
-- Up-to-date: /home/nithish/ROS/ur5_robotiq150/install/robot_description/share/robot_description/meshes/collision/robotiq_arg2f_140_inner_finger.stl
-- Up-to-date: /home/nithish/ROS/ur5_robotiq150/install/robot_description/share/robot_description/urdf
-- Up-to-date: /home/nithish/ROS/ur5_robotiq150/install/robot_description/share/robot_description/urdf/ur5.urdf.xacro
-- Up-to-date: /home/nithish/ROS/ur5_robotiq150/install/robot_description/share/ament_index/resource_index/package_run_dependencies/robot_description
-- Up-to-date: /home/nithish/ROS/ur5_robotiq150/install/robot_description/share/ament_index/resource_index/parent_prefix_path/robot_description
-- Up-to-date: /home/nithish/ROS/ur5_robotiq150/install/robot_description/share/robot_description/environment/ament_prefix_path.sh
-- Up-to-date: /home/nithish/ROS/ur5_robotiq150/install/robot_description/share/robot_description/environment/ament_prefix_path.dsv
-- Up-to-date: /home/nithish/ROS/ur5_robotiq150/install/robot_description/share/robot_description/environment/path.sh
-- Up-to-date: /home/nithish/ROS/ur5_robotiq150/install/robot_description/share/robot_description/environment/path.dsv
-- Up-to-date: /home/nithish/ROS/ur5_robotiq150/install/robot_description/share/robot_description/local_setup.bash
-- Up-to-date: /home/nithish/ROS/ur5_robotiq150/install/robot_description/share/robot_description/local_setup.sh
-- Up-to-date: /home/nithish/ROS/ur5_robotiq150/install/robot_description/share/robot_description/local_setup.zsh
-- Up-to-date: /home/nithish/ROS/ur5_robotiq150/install/robot_description/share/robot_description/local_setup.dsv
-- Up-to-date: /home/nithish/ROS/ur5_robotiq150/install/robot_description/share/robot_description/package.dsv
-- Up-to-date: /home/nithish/ROS/ur5_robotiq150/install/robot_description/share/ament_index/resource_index/packages/robot_description
-- Up-to-date: /home/nithish/ROS/ur5_robotiq150/install/robot_description/share/robot_description/cmake/robot_descriptionConfig.cmake
-- Up-to-date: /home/nithish/ROS/ur5_robotiq150/install/robot_description/share/robot_description/cmake/robot_descriptionConfig-version.cmake
-- Up-to-date: /home/nithish/ROS/ur5_robotiq150/install/robot_description/share/robot_description/package.xml
